<?xml version="1.0" encoding="UTF-8"?>
<!-- Generated by org.testng.reporters.JUnitReportReporter -->
<testsuite hostname="DESKTOP-NHIBFB4" failures="0" tests="1" name="driverFactory.AppTest" time="23.876" errors="0" timestamp="2024-01-21T15:46:37 IST" skipped="0">
  <testcase classname="driverFactory.AppTest" name="startTest" time="23.876">
    <system-out>
      <![CDATA[Number of Rows are::9
Username and Password are Valid    dashboard   http://webapp.qedgetech.com/dashboard.php
Incorrect user ID or password   dashboard   http://webapp.qedgetech.com/login.php
Username and Password are Valid    dashboard   http://webapp.qedgetech.com/dashboard.php
Incorrect user ID or password   dashboard   http://webapp.qedgetech.com/login.php
Username and Password are Valid    dashboard   http://webapp.qedgetech.com/dashboard.php
Incorrect user ID or password   dashboard   http://webapp.qedgetech.com/login.php
Username and Password are Valid    dashboard   http://webapp.qedgetech.com/dashboard.php
Incorrect user ID or password   dashboard   http://webapp.qedgetech.com/login.php
Username and Password are Valid    dashboard   http://webapp.qedgetech.com/dashboard.php]]>
    </system-out>
  </testcase> <!-- startTest -->
  <system-out>
    <![CDATA[Number of Rows are::9
Username and Password are Valid    dashboard   http://webapp.qedgetech.com/dashboard.php
Incorrect user ID or password   dashboard   http://webapp.qedgetech.com/login.php
Username and Password are Valid    dashboard   http://webapp.qedgetech.com/dashboard.php
Incorrect user ID or password   dashboard   http://webapp.qedgetech.com/login.php
Username and Password are Valid    dashboard   http://webapp.qedgetech.com/dashboard.php
Incorrect user ID or password   dashboard   http://webapp.qedgetech.com/login.php
Username and Password are Valid    dashboard   http://webapp.qedgetech.com/dashboard.php
Incorrect user ID or password   dashboard   http://webapp.qedgetech.com/login.php
Username and Password are Valid    dashboard   http://webapp.qedgetech.com/dashboard.php]]>
  </system-out>
</testsuite> <!-- driverFactory.AppTest -->
